app/build/intermediates/manifest_merge_blame_file/debug/manifest-merger-blame-debug-report.txt
1<?xml version="1.0" encoding="utf-8"?>
2<manifest xmlns:android="http://schemas.android.com/apk/res/android"
3    package="com.example.tagnfckotlin"
4    android:versionCode="1"
5    android:versionName="1.0" >
6
7    <uses-sdk
8        android:minSdkVersion="21"
8-->src\main\AndroidManifest.xml
9        android:targetSdkVersion="29" />
9-->src\main\AndroidManifest.xml
10
11    <uses-permission android:name="android.permission.NFC" />
11-->src\main\AndroidManifest.xml:5:5-62
11-->src\main\AndroidManifest.xml:5:22-59
12
13    <uses-feature android:name="android.hardware.nfc" />
13-->src\main\AndroidManifest.xml:6:5-57
13-->src\main\AndroidManifest.xml:6:19-54
14
15    <application
15-->src\main\AndroidManifest.xml:7:5-22:19
16        android:allowBackup="true"
16-->src\main\AndroidManifest.xml:8:9-35
17        android:appComponentFactory="androidx.core.app.CoreComponentFactory"
17-->[androidx.core:core:1.3.2] AndroidManifest.xml:24:18-86
18        android:debuggable="true"
19        android:icon="@drawable/logo"
19-->src\main\AndroidManifest.xml:9:9-38
20        android:label="@string/app_name"
20-->src\main\AndroidManifest.xml:10:9-41
21        android:roundIcon="@mipmap/ic_launcher_round"
21-->src\main\AndroidManifest.xml:11:9-54
22        android:supportsRtl="true"
22-->src\main\AndroidManifest.xml:12:9-35
23        android:testOnly="true"
24        android:theme="@style/Theme.TagNFCKotlin" >
24-->src\main\AndroidManifest.xml:13:9-50
25        <activity android:name="com.example.tagnfckotlin.MainActivity" >
25-->src\main\AndroidManifest.xml:15:5-21:16
25-->src\main\AndroidManifest.xml:15:15-43
26            <intent-filter>
26-->src\main\AndroidManifest.xml:16:9-20:25
27                <action android:name="android.intent.action.MAIN" />
27-->src\main\AndroidManifest.xml:17:13-65
27-->src\main\AndroidManifest.xml:17:21-62
28
29                <category android:name="android.intent.category.LAUNCHER" />
29-->src\main\AndroidManifest.xml:19:13-73
29-->src\main\AndroidManifest.xml:19:23-70
30            </intent-filter>
31        </activity>
32    </application>
33
34</manifest>